<?xml version="1.0" encoding="UTF-8"?>
<testng-results ignored="0" total="18" passed="17" failed="1" skipped="0">
  <reporter-output>
  </reporter-output>
  <suite started-at="2021-07-27T00:00:13 IST" name="Default suite" finished-at="2021-07-27T00:01:32 IST" duration-ms="79830">
    <groups>
      <group name="SmokeTest">
        <method signature="AppTest.ClickOnNextBtn()[pri:7, instance:com.IdentifyNewBikes.Tests.AppTest@3700ec9c]" name="ClickOnNextBtn" class="com.IdentifyNewBikes.Tests.AppTest"/>
        <method signature="AppTest.callingBrowser()[pri:1, instance:com.IdentifyNewBikes.Tests.AppTest@3700ec9c]" name="callingBrowser" class="com.IdentifyNewBikes.Tests.AppTest"/>
        <method signature="AppTest.clickNxt2Btn()[pri:9, instance:com.IdentifyNewBikes.Tests.AppTest@3700ec9c]" name="clickNxt2Btn" class="com.IdentifyNewBikes.Tests.AppTest"/>
        <method signature="AppTest.clickOnChennaiBtn()[pri:16, instance:com.IdentifyNewBikes.Tests.AppTest@3700ec9c]" name="clickOnChennaiBtn" class="com.IdentifyNewBikes.Tests.AppTest"/>
        <method signature="AppTest.clickOnNewBikes()[pri:10, instance:com.IdentifyNewBikes.Tests.AppTest@3700ec9c]" name="clickOnNewBikes" class="com.IdentifyNewBikes.Tests.AppTest"/>
        <method signature="AppTest.clickOnUpcomingBikes()[pri:11, instance:com.IdentifyNewBikes.Tests.AppTest@3700ec9c]" name="clickOnUpcomingBikes" class="com.IdentifyNewBikes.Tests.AppTest"/>
        <method signature="AppTest.clickOnUsedCars()[pri:15, instance:com.IdentifyNewBikes.Tests.AppTest@3700ec9c]" name="clickOnUsedCars" class="com.IdentifyNewBikes.Tests.AppTest"/>
        <method signature="AppTest.invalidEmail()[pri:6, instance:com.IdentifyNewBikes.Tests.AppTest@3700ec9c]" name="invalidEmail" class="com.IdentifyNewBikes.Tests.AppTest"/>
        <method signature="AppTest.pageOpening()[pri:2, instance:com.IdentifyNewBikes.Tests.AppTest@3700ec9c]" name="pageOpening" class="com.IdentifyNewBikes.Tests.AppTest"/>
        <method signature="AppTest.selectContinueWithGoogle()[pri:5, instance:com.IdentifyNewBikes.Tests.AppTest@3700ec9c]" name="selectContinueWithGoogle" class="com.IdentifyNewBikes.Tests.AppTest"/>
        <method signature="AppTest.selectLogin()[pri:4, instance:com.IdentifyNewBikes.Tests.AppTest@3700ec9c]" name="selectLogin" class="com.IdentifyNewBikes.Tests.AppTest"/>
        <method signature="AppTest.validEmailInvalidPassword()[pri:8, instance:com.IdentifyNewBikes.Tests.AppTest@3700ec9c]" name="validEmailInvalidPassword" class="com.IdentifyNewBikes.Tests.AppTest"/>
      </group> <!-- SmokeTest -->
    </groups>
    <test started-at="2021-07-27T00:00:13 IST" name="Default test" finished-at="2021-07-27T00:01:32 IST" duration-ms="79830">
      <class name="com.IdentifyNewBikes.Tests.AppTest">
        <test-method signature="callingBrowser()[pri:1, instance:com.IdentifyNewBikes.Tests.AppTest@3700ec9c]" started-at="2021-07-27T00:00:13 IST" name="callingBrowser" finished-at="2021-07-27T00:00:17 IST" duration-ms="4442" status="PASS">
          <reporter-output>
          </reporter-output>
        </test-method> <!-- callingBrowser -->
        <test-method signature="pageOpening()[pri:2, instance:com.IdentifyNewBikes.Tests.AppTest@3700ec9c]" started-at="2021-07-27T00:00:17 IST" name="pageOpening" finished-at="2021-07-27T00:00:19 IST" duration-ms="2197" status="PASS">
          <reporter-output>
          </reporter-output>
        </test-method> <!-- pageOpening -->
        <test-method signature="pageTitle()[pri:3, instance:com.IdentifyNewBikes.Tests.AppTest@3700ec9c]" started-at="2021-07-27T00:00:19 IST" name="pageTitle" finished-at="2021-07-27T00:00:20 IST" duration-ms="204" status="PASS">
          <reporter-output>
          </reporter-output>
        </test-method> <!-- pageTitle -->
        <test-method signature="selectLogin()[pri:4, instance:com.IdentifyNewBikes.Tests.AppTest@3700ec9c]" started-at="2021-07-27T00:00:20 IST" name="selectLogin" finished-at="2021-07-27T00:00:26 IST" duration-ms="6655" status="PASS">
          <reporter-output>
          </reporter-output>
        </test-method> <!-- selectLogin -->
        <test-method signature="selectContinueWithGoogle()[pri:5, instance:com.IdentifyNewBikes.Tests.AppTest@3700ec9c]" started-at="2021-07-27T00:00:26 IST" name="selectContinueWithGoogle" finished-at="2021-07-27T00:00:33 IST" duration-ms="6318" status="PASS">
          <reporter-output>
          </reporter-output>
        </test-method> <!-- selectContinueWithGoogle -->
        <test-method signature="invalidEmail()[pri:6, instance:com.IdentifyNewBikes.Tests.AppTest@3700ec9c]" started-at="2021-07-27T00:00:33 IST" name="invalidEmail" finished-at="2021-07-27T00:00:35 IST" duration-ms="2709" status="PASS">
          <reporter-output>
          </reporter-output>
        </test-method> <!-- invalidEmail -->
        <test-method signature="ClickOnNextBtn()[pri:7, instance:com.IdentifyNewBikes.Tests.AppTest@3700ec9c]" started-at="2021-07-27T00:00:35 IST" name="ClickOnNextBtn" finished-at="2021-07-27T00:00:39 IST" duration-ms="3279" status="PASS">
          <reporter-output>
          </reporter-output>
        </test-method> <!-- ClickOnNextBtn -->
        <test-method signature="validEmailInvalidPassword()[pri:8, instance:com.IdentifyNewBikes.Tests.AppTest@3700ec9c]" started-at="2021-07-27T00:00:39 IST" name="validEmailInvalidPassword" finished-at="2021-07-27T00:00:49 IST" duration-ms="10576" status="PASS">
          <reporter-output>
          </reporter-output>
        </test-method> <!-- validEmailInvalidPassword -->
        <test-method signature="clickNxt2Btn()[pri:9, instance:com.IdentifyNewBikes.Tests.AppTest@3700ec9c]" started-at="2021-07-27T00:00:49 IST" name="clickNxt2Btn" finished-at="2021-07-27T00:00:55 IST" duration-ms="6369" status="PASS">
          <reporter-output>
          </reporter-output>
        </test-method> <!-- clickNxt2Btn -->
        <test-method signature="clickOnNewBikes()[pri:10, instance:com.IdentifyNewBikes.Tests.AppTest@3700ec9c]" started-at="2021-07-27T00:00:55 IST" name="clickOnNewBikes" finished-at="2021-07-27T00:00:59 IST" duration-ms="3726" status="PASS">
          <reporter-output>
          </reporter-output>
        </test-method> <!-- clickOnNewBikes -->
        <test-method signature="clickOnUpcomingBikes()[pri:11, instance:com.IdentifyNewBikes.Tests.AppTest@3700ec9c]" started-at="2021-07-27T00:00:59 IST" name="clickOnUpcomingBikes" finished-at="2021-07-27T00:01:01 IST" duration-ms="1458" status="PASS">
          <reporter-output>
          </reporter-output>
        </test-method> <!-- clickOnUpcomingBikes -->
        <test-method signature="pageTitle1()[pri:12, instance:com.IdentifyNewBikes.Tests.AppTest@3700ec9c]" started-at="2021-07-27T00:01:01 IST" name="pageTitle1" finished-at="2021-07-27T00:01:01 IST" duration-ms="230" status="PASS">
          <reporter-output>
          </reporter-output>
        </test-method> <!-- pageTitle1 -->
        <test-method signature="selectHondaCompanyBikes()[pri:13, instance:com.IdentifyNewBikes.Tests.AppTest@3700ec9c]" started-at="2021-07-27T00:01:01 IST" name="selectHondaCompanyBikes" finished-at="2021-07-27T00:01:02 IST" duration-ms="1135" status="PASS">
          <reporter-output>
          </reporter-output>
        </test-method> <!-- selectHondaCompanyBikes -->
        <test-method signature="selectingBikes()[pri:14, instance:com.IdentifyNewBikes.Tests.AppTest@3700ec9c]" started-at="2021-07-27T00:01:02 IST" name="selectingBikes" finished-at="2021-07-27T00:01:09 IST" duration-ms="6760" status="FAIL">
          <exception class="java.io.FileNotFoundException">
            <message>
              <![CDATA[C:\Users\hp\eclipse-workspace\IdentifyNewBikes\Excel_Output\BikesAndCars.xlsx (The system cannot find the path specified)]]>
            </message>
            <full-stacktrace>
              <![CDATA[java.io.FileNotFoundException: C:\Users\hp\eclipse-workspace\IdentifyNewBikes\Excel_Output\BikesAndCars.xlsx (The system cannot find the path specified)
at java.base/java.io.FileInputStream.open0(Native Method)
at java.base/java.io.FileInputStream.open(FileInputStream.java:211)
at java.base/java.io.FileInputStream.<init>(FileInputStream.java:153)
at java.base/java.io.FileInputStream.<init>(FileInputStream.java:108)
at com.IdentifyNewBikes.Utils.WriteExcelUtils.writeData(WriteExcelUtils.java:14)
at com.IdentifyNewBikes.Tests.AppTest.selectingBikes(AppTest.java:243)
at java.base/jdk.internal.reflect.NativeMethodAccessorImpl.invoke0(Native Method)
at java.base/jdk.internal.reflect.NativeMethodAccessorImpl.invoke(NativeMethodAccessorImpl.java:64)
at java.base/jdk.internal.reflect.DelegatingMethodAccessorImpl.invoke(DelegatingMethodAccessorImpl.java:43)
at java.base/java.lang.reflect.Method.invoke(Method.java:564)
at org.testng.internal.MethodInvocationHelper.invokeMethod(MethodInvocationHelper.java:133)
at org.testng.internal.TestInvoker.invokeMethod(TestInvoker.java:598)
at org.testng.internal.TestInvoker.invokeTestMethod(TestInvoker.java:173)
at org.testng.internal.MethodRunner.runInSequence(MethodRunner.java:46)
at org.testng.internal.TestInvoker$MethodInvocationAgent.invoke(TestInvoker.java:824)
at org.testng.internal.TestInvoker.invokeTestMethods(TestInvoker.java:146)
at org.testng.internal.TestMethodWorker.invokeTestMethods(TestMethodWorker.java:146)
at org.testng.internal.TestMethodWorker.run(TestMethodWorker.java:128)
at java.base/java.util.ArrayList.forEach(ArrayList.java:1511)
at org.testng.TestRunner.privateRun(TestRunner.java:794)
at org.testng.TestRunner.run(TestRunner.java:596)
at org.testng.SuiteRunner.runTest(SuiteRunner.java:377)
at org.testng.SuiteRunner.runSequentially(SuiteRunner.java:371)
at org.testng.SuiteRunner.privateRun(SuiteRunner.java:332)
at org.testng.SuiteRunner.run(SuiteRunner.java:276)
at org.testng.SuiteRunnerWorker.runSuite(SuiteRunnerWorker.java:53)
at org.testng.SuiteRunnerWorker.run(SuiteRunnerWorker.java:96)
at org.testng.TestNG.runSuitesSequentially(TestNG.java:1212)
at org.testng.TestNG.runSuitesLocally(TestNG.java:1134)
at org.testng.TestNG.runSuites(TestNG.java:1063)
at org.testng.TestNG.run(TestNG.java:1031)
at org.testng.remote.AbstractRemoteTestNG.run(AbstractRemoteTestNG.java:115)
at org.testng.remote.RemoteTestNG.initAndRun(RemoteTestNG.java:251)
at org.testng.remote.RemoteTestNG.main(RemoteTestNG.java:77)
]]>
            </full-stacktrace>
          </exception> <!-- java.io.FileNotFoundException -->
          <reporter-output>
          </reporter-output>
        </test-method> <!-- selectingBikes -->
        <test-method signature="clickOnUsedCars()[pri:15, instance:com.IdentifyNewBikes.Tests.AppTest@3700ec9c]" started-at="2021-07-27T00:01:09 IST" name="clickOnUsedCars" finished-at="2021-07-27T00:01:11 IST" duration-ms="2203" status="PASS">
          <reporter-output>
          </reporter-output>
        </test-method> <!-- clickOnUsedCars -->
        <test-method signature="clickOnChennaiBtn()[pri:16, instance:com.IdentifyNewBikes.Tests.AppTest@3700ec9c]" started-at="2021-07-27T00:01:11 IST" name="clickOnChennaiBtn" finished-at="2021-07-27T00:01:24 IST" duration-ms="13214" status="PASS">
          <reporter-output>
          </reporter-output>
        </test-method> <!-- clickOnChennaiBtn -->
        <test-method signature="pageTile2()[pri:17, instance:com.IdentifyNewBikes.Tests.AppTest@3700ec9c]" started-at="2021-07-27T00:01:24 IST" name="pageTile2" finished-at="2021-07-27T00:01:24 IST" duration-ms="8" status="PASS">
          <reporter-output>
          </reporter-output>
        </test-method> <!-- pageTile2 -->
        <test-method signature="getUsedCars()[pri:18, instance:com.IdentifyNewBikes.Tests.AppTest@3700ec9c]" started-at="2021-07-27T00:01:24 IST" name="getUsedCars" finished-at="2021-07-27T00:01:31 IST" duration-ms="7035" status="PASS">
          <reporter-output>
          </reporter-output>
        </test-method> <!-- getUsedCars -->
        <test-method is-config="true" signature="closeBrowser()[pri:0, instance:com.IdentifyNewBikes.Tests.AppTest@3700ec9c]" started-at="2021-07-27T00:01:31 IST" name="closeBrowser" finished-at="2021-07-27T00:01:32 IST" duration-ms="1215" status="PASS">
          <reporter-output>
          </reporter-output>
        </test-method> <!-- closeBrowser -->
      </class> <!-- com.IdentifyNewBikes.Tests.AppTest -->
    </test> <!-- Default test -->
  </suite> <!-- Default suite -->
</testng-results>
